{"C:\\Users\\GABRIEL\\Desktop\\microverse\\module 2\\capstone\\JavaScript-API-based-webapp\\src\\modules\\add-elem.js": {"path":"C:\\Users\\GABRIEL\\Desktop\\microverse\\module 2\\capstone\\JavaScript-API-based-webapp\\src\\modules\\add-elem.js","statementMap":{"0":{"start":{"line":3,"column":16},"end":{"line":11,"column":1}},"1":{"start":{"line":4,"column":22},"end":{"line":4,"column":50}},"2":{"start":{"line":5,"column":2},"end":{"line":7,"column":3}},"3":{"start":{"line":6,"column":4},"end":{"line":6,"column":59}},"4":{"start":{"line":6,"column":28},"end":{"line":6,"column":57}},"5":{"start":{"line":8,"column":2},"end":{"line":8,"column":34}},"6":{"start":{"line":10,"column":2},"end":{"line":10,"column":21}}},"fnMap":{"0":{"name":"(anonymous_0)","decl":{"start":{"line":3,"column":16},"end":{"line":3,"column":17}},"loc":{"start":{"line":3,"column":43},"end":{"line":11,"column":1}},"line":3},"1":{"name":"(anonymous_1)","decl":{"start":{"line":6,"column":20},"end":{"line":6,"column":21}},"loc":{"start":{"line":6,"column":28},"end":{"line":6,"column":57}},"line":6}},"branchMap":{"0":{"loc":{"start":{"line":5,"column":2},"end":{"line":7,"column":3}},"type":"if","locations":[{"start":{"line":5,"column":2},"end":{"line":7,"column":3}},{"start":{},"end":{}}],"line":5}},"s":{"0":1,"1":4,"2":4,"3":4,"4":4,"5":4,"6":4},"f":{"0":4,"1":4},"b":{"0":[4,0]},"_coverageSchema":"1a1c01bbd47fc00a2c39e90264f33305004495a9","hash":"d055b18d538bcc0c7dc034eb943ed3f3ced54ff7"}
,"C:\\Users\\GABRIEL\\Desktop\\microverse\\module 2\\capstone\\JavaScript-API-based-webapp\\src\\modules\\involvement.js": {"path":"C:\\Users\\GABRIEL\\Desktop\\microverse\\module 2\\capstone\\JavaScript-API-based-webapp\\src\\modules\\involvement.js","statementMap":{"0":{"start":{"line":1,"column":12},"end":{"line":1,"column":86}},"1":{"start":{"line":2,"column":14},"end":{"line":2,"column":36}},"2":{"start":{"line":4,"column":17},"end":{"line":14,"column":1}},"3":{"start":{"line":5,"column":19},"end":{"line":11,"column":4}},"4":{"start":{"line":12,"column":15},"end":{"line":12,"column":36}},"5":{"start":{"line":13,"column":2},"end":{"line":13,"column":14}},"6":{"start":{"line":16,"column":17},"end":{"line":20,"column":1}},"7":{"start":{"line":17,"column":19},"end":{"line":17,"column":54}},"8":{"start":{"line":18,"column":16},"end":{"line":18,"column":37}},"9":{"start":{"line":19,"column":2},"end":{"line":19,"column":15}},"10":{"start":{"line":22,"column":20},"end":{"line":36,"column":1}},"11":{"start":{"line":23,"column":19},"end":{"line":33,"column":4}},"12":{"start":{"line":34,"column":15},"end":{"line":34,"column":36}},"13":{"start":{"line":35,"column":2},"end":{"line":35,"column":14}},"14":{"start":{"line":38,"column":20},"end":{"line":42,"column":1}},"15":{"start":{"line":39,"column":19},"end":{"line":39,"column":72}},"16":{"start":{"line":40,"column":19},"end":{"line":40,"column":40}},"17":{"start":{"line":41,"column":2},"end":{"line":41,"column":18}}},"fnMap":{"0":{"name":"(anonymous_0)","decl":{"start":{"line":4,"column":17},"end":{"line":4,"column":18}},"loc":{"start":{"line":4,"column":35},"end":{"line":14,"column":1}},"line":4},"1":{"name":"(anonymous_1)","decl":{"start":{"line":16,"column":17},"end":{"line":16,"column":18}},"loc":{"start":{"line":16,"column":29},"end":{"line":20,"column":1}},"line":16},"2":{"name":"(anonymous_2)","decl":{"start":{"line":22,"column":20},"end":{"line":22,"column":21}},"loc":{"start":{"line":22,"column":52},"end":{"line":36,"column":1}},"line":22},"3":{"name":"(anonymous_3)","decl":{"start":{"line":38,"column":20},"end":{"line":38,"column":21}},"loc":{"start":{"line":38,"column":35},"end":{"line":42,"column":1}},"line":38}},"branchMap":{},"s":{"0":1,"1":1,"2":1,"3":0,"4":0,"5":0,"6":1,"7":0,"8":0,"9":0,"10":1,"11":0,"12":0,"13":0,"14":1,"15":0,"16":0,"17":0},"f":{"0":0,"1":0,"2":0,"3":0},"b":{},"_coverageSchema":"1a1c01bbd47fc00a2c39e90264f33305004495a9","hash":"8c066f4671f6f0bfee44b3fb9eb89fc2811f801f"}
,"C:\\Users\\GABRIEL\\Desktop\\microverse\\module 2\\capstone\\JavaScript-API-based-webapp\\src\\modules\\popup.js": {"path":"C:\\Users\\GABRIEL\\Desktop\\microverse\\module 2\\capstone\\JavaScript-API-based-webapp\\src\\modules\\popup.js","statementMap":{"0":{"start":{"line":4,"column":20},"end":{"line":12,"column":1}},"1":{"start":{"line":5,"column":25},"end":{"line":5,"column":70}},"2":{"start":{"line":7,"column":2},"end":{"line":11,"column":3}},"3":{"start":{"line":8,"column":4},"end":{"line":10,"column":7}},"4":{"start":{"line":9,"column":6},"end":{"line":9,"column":17}},"5":{"start":{"line":14,"column":23},"end":{"line":65,"column":1}},"6":{"start":{"line":15,"column":17},"end":{"line":15,"column":39}},"7":{"start":{"line":16,"column":2},"end":{"line":16,"column":53}},"8":{"start":{"line":19,"column":21},"end":{"line":19,"column":50}},"9":{"start":{"line":20,"column":2},"end":{"line":36,"column":9}},"10":{"start":{"line":37,"column":2},"end":{"line":37,"column":28}},"11":{"start":{"line":38,"column":2},"end":{"line":38,"column":37}},"12":{"start":{"line":41,"column":22},"end":{"line":41,"column":61}},"13":{"start":{"line":42,"column":2},"end":{"line":51,"column":3}},"14":{"start":{"line":43,"column":4},"end":{"line":50,"column":7}},"15":{"start":{"line":44,"column":6},"end":{"line":49,"column":9}},"16":{"start":{"line":54,"column":15},"end":{"line":54,"column":58}},"17":{"start":{"line":55,"column":20},"end":{"line":55,"column":61}},"18":{"start":{"line":56,"column":23},"end":{"line":56,"column":67}},"19":{"start":{"line":58,"column":2},"end":{"line":64,"column":4}},"20":{"start":{"line":59,"column":4},"end":{"line":59,"column":23}},"21":{"start":{"line":60,"column":4},"end":{"line":60,"column":58}},"22":{"start":{"line":62,"column":4},"end":{"line":62,"column":17}},"23":{"start":{"line":63,"column":4},"end":{"line":63,"column":60}},"24":{"start":{"line":63,"column":21},"end":{"line":63,"column":52}},"25":{"start":{"line":67,"column":18},"end":{"line":119,"column":1}},"26":{"start":{"line":69,"column":2},"end":{"line":69,"column":16}},"27":{"start":{"line":71,"column":15},"end":{"line":71,"column":51}},"28":{"start":{"line":74,"column":15},"end":{"line":74,"column":45}},"29":{"start":{"line":75,"column":25},"end":{"line":75,"column":66}},"30":{"start":{"line":76,"column":2},"end":{"line":76,"column":41}},"31":{"start":{"line":78,"column":2},"end":{"line":98,"column":41}},"32":{"start":{"line":101,"column":17},"end":{"line":101,"column":50}},"33":{"start":{"line":102,"column":2},"end":{"line":104,"column":5}},"34":{"start":{"line":103,"column":4},"end":{"line":103,"column":64}},"35":{"start":{"line":107,"column":28},"end":{"line":107,"column":73}},"36":{"start":{"line":108,"column":2},"end":{"line":108,"column":50}},"37":{"start":{"line":111,"column":30},"end":{"line":111,"column":78}},"38":{"start":{"line":112,"column":21},"end":{"line":112,"column":76}},"39":{"start":{"line":113,"column":20},"end":{"line":113,"column":82}},"40":{"start":{"line":114,"column":2},"end":{"line":114,"column":34}},"41":{"start":{"line":116,"column":2},"end":{"line":118,"column":4}},"42":{"start":{"line":117,"column":4},"end":{"line":117,"column":28}}},"fnMap":{"0":{"name":"(anonymous_0)","decl":{"start":{"line":4,"column":20},"end":{"line":4,"column":21}},"loc":{"start":{"line":4,"column":26},"end":{"line":12,"column":1}},"line":4},"1":{"name":"(anonymous_1)","decl":{"start":{"line":8,"column":27},"end":{"line":8,"column":28}},"loc":{"start":{"line":8,"column":34},"end":{"line":10,"column":5}},"line":8},"2":{"name":"(anonymous_2)","decl":{"start":{"line":14,"column":23},"end":{"line":14,"column":24}},"loc":{"start":{"line":14,"column":50},"end":{"line":65,"column":1}},"line":14},"3":{"name":"(anonymous_3)","decl":{"start":{"line":43,"column":21},"end":{"line":43,"column":22}},"loc":{"start":{"line":43,"column":34},"end":{"line":50,"column":5}},"line":43},"4":{"name":"(anonymous_4)","decl":{"start":{"line":58,"column":18},"end":{"line":58,"column":19}},"loc":{"start":{"line":58,"column":25},"end":{"line":64,"column":3}},"line":58},"5":{"name":"(anonymous_5)","decl":{"start":{"line":63,"column":15},"end":{"line":63,"column":16}},"loc":{"start":{"line":63,"column":21},"end":{"line":63,"column":52}},"line":63},"6":{"name":"(anonymous_6)","decl":{"start":{"line":67,"column":18},"end":{"line":67,"column":19}},"loc":{"start":{"line":67,"column":43},"end":{"line":119,"column":1}},"line":67},"7":{"name":"(anonymous_7)","decl":{"start":{"line":102,"column":27},"end":{"line":102,"column":28}},"loc":{"start":{"line":102,"column":38},"end":{"line":104,"column":3}},"line":102},"8":{"name":"(anonymous_8)","decl":{"start":{"line":116,"column":23},"end":{"line":116,"column":24}},"loc":{"start":{"line":116,"column":29},"end":{"line":118,"column":3}},"line":116}},"branchMap":{"0":{"loc":{"start":{"line":7,"column":2},"end":{"line":11,"column":3}},"type":"if","locations":[{"start":{"line":7,"column":2},"end":{"line":11,"column":3}},{"start":{},"end":{}}],"line":7},"1":{"loc":{"start":{"line":16,"column":13},"end":{"line":16,"column":52}},"type":"cond-expr","locations":[{"start":{"line":16,"column":39},"end":{"line":16,"column":47}},{"start":{"line":16,"column":50},"end":{"line":16,"column":52}}],"line":16},"2":{"loc":{"start":{"line":42,"column":2},"end":{"line":51,"column":3}},"type":"if","locations":[{"start":{"line":42,"column":2},"end":{"line":51,"column":3}},{"start":{},"end":{}}],"line":42}},"s":{"0":1,"1":1,"2":1,"3":1,"4":0,"5":1,"6":1,"7":1,"8":1,"9":1,"10":1,"11":1,"12":1,"13":1,"14":1,"15":0,"16":1,"17":1,"18":1,"19":1,"20":0,"21":0,"22":0,"23":0,"24":0,"25":1,"26":1,"27":1,"28":1,"29":1,"30":1,"31":1,"32":1,"33":1,"34":3,"35":1,"36":1,"37":1,"38":1,"39":1,"40":1,"41":1,"42":0},"f":{"0":1,"1":0,"2":1,"3":0,"4":0,"5":0,"6":1,"7":3,"8":0},"b":{"0":[1,0],"1":[0,1],"2":[1,0]},"_coverageSchema":"1a1c01bbd47fc00a2c39e90264f33305004495a9","hash":"24030e3c41a3d7bc3ba73ae338e5dff227e12d31"}
,"C:\\Users\\GABRIEL\\Desktop\\microverse\\module 2\\capstone\\JavaScript-API-based-webapp\\test\\countFunction.js": {"path":"C:\\Users\\GABRIEL\\Desktop\\microverse\\module 2\\capstone\\JavaScript-API-based-webapp\\test\\countFunction.js","statementMap":{"0":{"start":{"line":1,"column":17},"end":{"line":7,"column":1}},"1":{"start":{"line":2,"column":16},"end":{"line":2,"column":18}},"2":{"start":{"line":3,"column":2},"end":{"line":5,"column":3}},"3":{"start":{"line":3,"column":15},"end":{"line":3,"column":16}},"4":{"start":{"line":4,"column":4},"end":{"line":4,"column":30}},"5":{"start":{"line":6,"column":2},"end":{"line":6,"column":22}}},"fnMap":{"0":{"name":"(anonymous_0)","decl":{"start":{"line":1,"column":17},"end":{"line":1,"column":18}},"loc":{"start":{"line":1,"column":33},"end":{"line":7,"column":1}},"line":1}},"branchMap":{},"s":{"0":1,"1":2,"2":2,"3":2,"4":14,"5":2},"f":{"0":2},"b":{},"_coverageSchema":"1a1c01bbd47fc00a2c39e90264f33305004495a9","hash":"88fb594ab9a32215cfcfc42e613d498bcba75081"}
}
